2020-09-15 10:00:11 : INFO -------------- Begin --------------
2020-09-15 10:00:58 : INFO [findViewByViewClientWithText] View is not found by text: Enter pump key
2020-09-15 10:01:00 : INFO [findViewByViewClientWithText] View is not found by text: Enter pump key
2020-09-15 10:01:03 : INFO [findViewByViewClientWithText] View is not found by text: Enter pump key
2020-09-15 10:01:06 : INFO [findViewByViewClientWithText] View is not found by text: Enter pump key
2020-09-15 10:01:09 : INFO [findViewByViewClientWithText] View is not found by text: Enter pump key
2020-09-15 10:01:30 : INFO [findViewByViewClientWithText] View is not found by text: Fill
2020-09-15 10:01:33 : INFO [findViewByViewClientWithText] View is not found by text: Fill
2020-09-15 10:01:36 : INFO [findViewByViewClientWithText] View is not found by text: Fill
2020-09-15 10:01:39 : INFO [findViewByViewClientWithText] View is not found by text: Fill
2020-09-15 10:01:43 : INFO [findViewByViewClientWithText] View is not found by text: Fill
2020-09-15 10:01:46 : INFO [findViewByViewClientWithText] View is not found by text: Fill
2020-09-15 10:01:49 : INFO [findViewByViewClientWithText] View is not found by text: Fill
2020-09-15 10:01:52 : INFO [findViewByViewClientWithText] View is not found by text: Fill
2020-09-15 10:01:56 : INFO [findViewByViewClientWithText] View is not found by text: Fill
2020-09-15 10:01:59 : INFO [findViewByViewClientWithText] View is not found by text: Fill
2020-09-15 10:02:02 : INFO [findViewByViewClientWithText] View is not found by text: Fill
2020-09-15 10:02:05 : INFO [findViewByViewClientWithText] View is not found by text: Fill
2020-09-15 10:02:08 : INFO [findViewByViewClientWithText] View is not found by text: Fill
2020-09-15 10:02:11 : INFO [findViewByViewClientWithText] View is not found by text: Fill
2020-09-15 10:02:13 : INFO [findViewByViewClientWithText] View is not found by text: Fill
2020-09-15 10:02:16 : INFO [findViewByViewClientWithText] View is not found by text: Fill
2020-09-15 10:02:19 : INFO [findViewByViewClientWithText] View is not found by text: Fill
2020-09-15 10:02:22 : INFO [findViewByViewClientWithText] View is not found by text: Fill
2020-09-15 10:02:25 : INFO [findViewByViewClientWithText] View is not found by text: Fill
2020-09-15 10:02:27 : INFO [findViewByViewClientWithText] View is not found by text: Fill
2020-09-15 10:02:34 : INFO [findViewByViewClientWithText] View is not found by text: OK
2020-09-15 10:02:43 : INFO [findViewByViewClientWithText] View is not found by text: Activate basal rate profile
2020-09-15 10:02:46 : INFO [findViewByViewClientWithText] View is not found by text: Activate basal rate profile
2020-09-15 10:02:49 : INFO [findViewByViewClientWithText] View is not found by text: Activate basal rate profile
2020-09-15 10:02:57 : INFO -------------- End --------------
